<?xml version="1.0" encoding="UTF-8"?>
<testng-results skipped="0" failed="0" ignored="0" total="1" passed="1">
  <reporter-output>
  </reporter-output>
  <suite name="Default suite" duration-ms="13510" started-at="2020-05-06T12:52:08Z" finished-at="2020-05-06T12:52:21Z">
    <groups>
    </groups>
    <test name="Default test" duration-ms="13510" started-at="2020-05-06T12:52:08Z" finished-at="2020-05-06T12:52:21Z">
      <class name="org.practice.assignment.MultipleWindowSwitchSpecificWindow">
        <test-method status="PASS" signature="testMultipleWindowSwitchSpecificWindow()[pri:0, instance:org.practice.assignment.MultipleWindowSwitchSpecificWindow@4b9e13df]" name="testMultipleWindowSwitchSpecificWindow" duration-ms="13475" started-at="2020-05-06T12:52:08Z" finished-at="2020-05-06T12:52:21Z">
          <reporter-output>
          </reporter-output>
        </test-method> <!-- testMultipleWindowSwitchSpecificWindow -->
      </class> <!-- org.practice.assignment.MultipleWindowSwitchSpecificWindow -->
    </test> <!-- Default test -->
  </suite> <!-- Default suite -->
</testng-results>
